c:\users\seren\desktop\projets_info\multibox\godmodevanilla\loader\debug\vc143.pdb
c:\users\seren\desktop\projets_info\multibox\godmodevanilla\loader\debug\vc143.idb
c:\users\seren\desktop\projets_info\multibox\godmodevanilla\loader\debug\wowobject.obj
c:\users\seren\desktop\projets_info\multibox\godmodevanilla\loader\debug\warlock.obj
c:\users\seren\desktop\projets_info\multibox\godmodevanilla\loader\debug\rogue.obj
c:\users\seren\desktop\projets_info\multibox\godmodevanilla\loader\debug\paladintank.obj
c:\users\seren\desktop\projets_info\multibox\godmodevanilla\loader\debug\paladinheal.obj
c:\users\seren\desktop\projets_info\multibox\godmodevanilla\loader\debug\paladindps.obj
c:\users\seren\desktop\projets_info\multibox\godmodevanilla\loader\debug\memorymanager.obj
c:\users\seren\desktop\projets_info\multibox\godmodevanilla\loader\debug\mage.obj
c:\users\seren\desktop\projets_info\multibox\godmodevanilla\loader\debug\hunter.obj
c:\users\seren\desktop\projets_info\multibox\godmodevanilla\loader\debug\game.obj
c:\users\seren\desktop\projets_info\multibox\godmodevanilla\loader\debug\functions.obj
c:\users\seren\desktop\projets_info\multibox\godmodevanilla\loader\debug\dllmain.obj
c:\users\seren\desktop\projets_info\multibox\godmodevanilla\loader\debug\client.obj
c:\users\seren\desktop\projets_info\multibox\godmodevanilla\loader\debug\loader.ilk
c:\users\seren\desktop\projets_info\multibox\godmodevanilla\test\src\loader.dll
c:\users\seren\desktop\projets_info\multibox\godmodevanilla\test\src\loader.pdb
c:\users\seren\desktop\projets_info\multibox\godmodevanilla\loader\debug\loader.tlog\cl.command.1.tlog
c:\users\seren\desktop\projets_info\multibox\godmodevanilla\loader\debug\loader.tlog\cl.read.1.tlog
c:\users\seren\desktop\projets_info\multibox\godmodevanilla\loader\debug\loader.tlog\cl.write.1.tlog
c:\users\seren\desktop\projets_info\multibox\godmodevanilla\loader\debug\loader.tlog\link.command.1.tlog
c:\users\seren\desktop\projets_info\multibox\godmodevanilla\loader\debug\loader.tlog\link.read.1.tlog
c:\users\seren\desktop\projets_info\multibox\godmodevanilla\loader\debug\loader.tlog\link.write.1.tlog
